c:\users\oliver\desktop\connect-5\release\03.06.ipdb
c:\users\oliver\desktop\connect-5\release\03.06.iobj
c:\users\oliver\desktop\cpp\03.06 - connect-5\03.06\release\vc120.pdb
c:\users\oliver\desktop\cpp\03.06 - connect-5\03.06\release\main.obj
c:\users\oliver\desktop\cpp\03.06 - connect-5\03.06\release\jatek.obj
c:\users\oliver\desktop\connect-5\03.06\release\vc141.pdb
c:\users\oliver\desktop\connect-5\03.06\release\main.obj
c:\users\oliver\desktop\connect-5\03.06\release\jatek.obj
c:\users\oliver\desktop\connect-5\03.06\release\ai_hard.obj
c:\users\oliver\desktop\connect-5\03.06\release\user.obj
c:\users\oliver\desktop\connect-5\03.06\release\tabla.obj
c:\users\oliver\desktop\connect-5\03.06\release\player.obj
c:\users\oliver\desktop\connect-5\03.06\release\ai_easy.obj
c:\users\oliver\desktop\connect-5\03.06\release\ai.obj
c:\users\oliver\desktop\connect-5\03.06\release\entry.obj
c:\users\oliver\desktop\cpp\03.06 - connect-5\release\03.06.exe
c:\users\oliver\desktop\cpp\03.06 - connect-5\release\03.06.pdb
c:\users\oliver\desktop\connect-5\release\03.06.exe
c:\users\oliver\desktop\connect-5\release\03.06.pdb
c:\users\oliver\desktop\connect-5\03.06\release\vc120.pdb
c:\users\oliver\desktop\connect-5\03.06\release\03.06.tlog\03.06.write.1u.tlog
c:\users\oliver\desktop\connect-5\03.06\release\03.06.tlog\cl.command.1.tlog
c:\users\oliver\desktop\connect-5\03.06\release\03.06.tlog\cl.read.1.tlog
c:\users\oliver\desktop\connect-5\03.06\release\03.06.tlog\cl.write.1.tlog
c:\users\oliver\desktop\connect-5\03.06\release\03.06.tlog\link.command.1.tlog
c:\users\oliver\desktop\connect-5\03.06\release\03.06.tlog\link.read.1.tlog
c:\users\oliver\desktop\connect-5\03.06\release\03.06.tlog\link.write.1.tlog
