  Ai.cpp
  Ai_Easy.cpp
  Ai_Hard.cpp
  Jatek.cpp
c:\users\oliver\desktop\connect-5\03.06\jatek.cpp(9): warning C4244: 'argument': conversion from 'time_t' to 'unsigned int', possible loss of data
c:\users\oliver\desktop\connect-5\03.06\jatek.cpp(18): warning C4244: 'argument': conversion from 'time_t' to 'unsigned int', possible loss of data
c:\users\oliver\desktop\connect-5\03.06\jatek.cpp(23): warning C4244: 'argument': conversion from 'time_t' to 'unsigned int', possible loss of data
c:\users\oliver\desktop\connect-5\03.06\jatek.cpp(64): warning C4244: 'argument': conversion from 'double' to 'std::streamsize', possible loss of data
c:\users\oliver\desktop\connect-5\03.06\jatek.cpp(75): warning C4244: 'argument': conversion from 'double' to 'std::streamsize', possible loss of data
  Leaderboard.cpp
c:\users\oliver\desktop\connect-5\03.06\leaderboard.cpp(6): warning C4018: '<': signed/unsigned mismatch
  Main.cpp
  Player.cpp
  Tabla.cpp
  User.cpp
  Generating code
  14 of 376 functions ( 3.7%) were compiled, the rest were copied from previous compilation.
    2 functions were new in current compilation
    32 functions had inline decision re-evaluated but remain unchanged
  Finished generating code
  03.06.vcxproj -> C:\Users\Oliver\Desktop\Connect-5\Release\03.06.exe
