c:\users\oliver\desktop\connect-5\03.06\debug\vc141.pdb
c:\users\oliver\desktop\connect-5\03.06\debug\vc141.idb
c:\users\oliver\desktop\connect-5\03.06\debug\main.obj
c:\users\oliver\desktop\connect-5\03.06\debug\ai_hard.obj
c:\users\oliver\desktop\connect-5\03.06\debug\ai_easy.obj
c:\users\oliver\desktop\connect-5\03.06\debug\user.obj
c:\users\oliver\desktop\connect-5\03.06\debug\jatek.obj
c:\users\oliver\desktop\connect-5\03.06\debug\ai.obj
c:\users\oliver\desktop\connect-5\03.06\debug\player.obj
c:\users\oliver\desktop\connect-5\03.06\debug\tabla.obj
c:\users\oliver\desktop\connect-5\debug\03.06.pdb
c:\users\oliver\desktop\connect-5\03.06\debug\03.06.tlog\cl.command.1.tlog
c:\users\oliver\desktop\connect-5\03.06\debug\03.06.tlog\cl.read.1.tlog
c:\users\oliver\desktop\connect-5\03.06\debug\03.06.tlog\cl.write.1.tlog
c:\users\oliver\desktop\connect-5\03.06\debug\03.06.tlog\link-cvtres.read.1.tlog
c:\users\oliver\desktop\connect-5\03.06\debug\03.06.tlog\link-cvtres.write.1.tlog
c:\users\oliver\desktop\connect-5\03.06\debug\03.06.tlog\link-rc.read.1.tlog
c:\users\oliver\desktop\connect-5\03.06\debug\03.06.tlog\link-rc.write.1.tlog
c:\users\oliver\desktop\connect-5\03.06\debug\03.06.tlog\link.8412-cvtres.read.1.tlog
c:\users\oliver\desktop\connect-5\03.06\debug\03.06.tlog\link.8412-cvtres.write.1.tlog
c:\users\oliver\desktop\connect-5\03.06\debug\03.06.tlog\link.8412-rc.read.1.tlog
c:\users\oliver\desktop\connect-5\03.06\debug\03.06.tlog\link.8412-rc.write.1.tlog
c:\users\oliver\desktop\connect-5\03.06\debug\03.06.tlog\link.8412.read.1.tlog
c:\users\oliver\desktop\connect-5\03.06\debug\03.06.tlog\link.8412.write.1.tlog
c:\users\oliver\desktop\connect-5\03.06\debug\03.06.tlog\link.command.1.tlog
c:\users\oliver\desktop\connect-5\03.06\debug\03.06.tlog\link.read.1.tlog
c:\users\oliver\desktop\connect-5\03.06\debug\03.06.tlog\link.write.1.tlog
